<?xml version="1.0" encoding="UTF-8"?>
<coverage generated="1645317029427" clover="3.2.0">
  <project timestamp="1645317029427" name="All files">
    <metrics statements="35" coveredstatements="33" conditionals="12" coveredconditionals="9" methods="6" coveredmethods="5" elements="53" coveredelements="47" complexity="0" loc="35" ncloc="35" packages="1" files="2" classes="2"/>
    <file name="user-services.js" path="C:\Users\jhalu\OneDrive\Desktop\CSC 307\CPE307_TODO\backend\models\user-services.js">
      <metrics statements="31" coveredstatements="29" conditionals="12" coveredconditionals="9" methods="6" coveredmethods="5"/>
      <line num="2" count="1" type="stmt"/>
      <line num="3" count="1" type="stmt"/>
      <line num="4" count="1" type="stmt"/>
      <line num="6" count="1" type="stmt"/>
      <line num="11" count="1" type="stmt"/>
      <line num="26" count="0" type="stmt"/>
      <line num="30" count="2" type="cond" truecount="4" falsecount="0"/>
      <line num="31" count="1" type="stmt"/>
      <line num="32" count="1" type="cond" truecount="3" falsecount="1"/>
      <line num="33" count="1" type="stmt"/>
      <line num="35" count="2" type="stmt"/>
      <line num="40" count="2" type="cond" truecount="1" falsecount="1"/>
      <line num="41" count="0" type="stmt"/>
      <line num="42" count="2" type="cond" truecount="1" falsecount="1"/>
      <line num="43" count="2" type="stmt"/>
      <line num="44" count="2" type="stmt"/>
      <line num="46" count="2" type="stmt"/>
      <line num="52" count="2" type="stmt"/>
      <line num="53" count="2" type="stmt"/>
      <line num="54" count="2" type="stmt"/>
      <line num="55" count="1" type="stmt"/>
      <line num="57" count="1" type="stmt"/>
      <line num="58" count="1" type="stmt"/>
      <line num="63" count="1" type="stmt"/>
      <line num="64" count="1" type="stmt"/>
      <line num="66" count="1" type="stmt"/>
      <line num="71" count="3" type="stmt"/>
      <line num="76" count="1" type="stmt"/>
      <line num="77" count="1" type="stmt"/>
      <line num="78" count="1" type="stmt"/>
      <line num="79" count="1" type="stmt"/>
    </file>
    <file name="user.js" path="C:\Users\jhalu\OneDrive\Desktop\CSC 307\CPE307_TODO\backend\models\user.js">
      <metrics statements="4" coveredstatements="4" conditionals="0" coveredconditionals="0" methods="0" coveredmethods="0"/>
      <line num="1" count="1" type="stmt"/>
      <line num="3" count="1" type="stmt"/>
      <line num="23" count="1" type="stmt"/>
      <line num="25" count="1" type="stmt"/>
    </file>
  </project>
</coverage>
