<?xml version="1.0" encoding="UTF-8"?>
<coverage generated="1645329947522" clover="3.2.0">
  <project timestamp="1645329947522" name="All files">
    <metrics statements="45" coveredstatements="44" conditionals="12" coveredconditionals="10" methods="7" coveredmethods="6" elements="64" coveredelements="60" complexity="0" loc="45" ncloc="45" packages="1" files="2" classes="2"/>
    <file name="user-services.js" path="C:\Users\jhalu\OneDrive\Desktop\CSC 307\CPE307_TODO\backend\models\user-services.js">
      <metrics statements="41" coveredstatements="40" conditionals="12" coveredconditionals="10" methods="7" coveredmethods="6"/>
      <line num="2" count="1" type="stmt"/>
      <line num="3" count="1" type="stmt"/>
      <line num="4" count="1" type="stmt"/>
      <line num="5" count="1" type="stmt"/>
      <line num="6" count="1" type="stmt"/>
      <line num="7" count="1" type="stmt"/>
      <line num="11" count="1" type="stmt"/>
      <line num="16" count="1" type="stmt"/>
      <line num="31" count="0" type="stmt"/>
      <line num="35" count="2" type="cond" truecount="4" falsecount="0"/>
      <line num="36" count="1" type="stmt"/>
      <line num="37" count="1" type="cond" truecount="3" falsecount="1"/>
      <line num="38" count="1" type="stmt"/>
      <line num="40" count="2" type="stmt"/>
      <line num="45" count="6" type="cond" truecount="2" falsecount="0"/>
      <line num="46" count="1" type="stmt"/>
      <line num="47" count="5" type="cond" truecount="1" falsecount="1"/>
      <line num="48" count="5" type="stmt"/>
      <line num="49" count="5" type="stmt"/>
      <line num="51" count="6" type="stmt"/>
      <line num="57" count="3" type="stmt"/>
      <line num="58" count="3" type="stmt"/>
      <line num="59" count="3" type="stmt"/>
      <line num="60" count="2" type="stmt"/>
      <line num="62" count="1" type="stmt"/>
      <line num="63" count="1" type="stmt"/>
      <line num="69" count="2" type="stmt"/>
      <line num="70" count="2" type="stmt"/>
      <line num="72" count="1" type="stmt"/>
      <line num="74" count="1" type="stmt"/>
      <line num="80" count="3" type="stmt"/>
      <line num="81" count="3" type="stmt"/>
      <line num="82" count="3" type="stmt"/>
      <line num="83" count="2" type="stmt"/>
      <line num="85" count="1" type="stmt"/>
      <line num="90" count="6" type="stmt"/>
      <line num="93" count="1" type="stmt"/>
      <line num="94" count="1" type="stmt"/>
      <line num="95" count="1" type="stmt"/>
      <line num="96" count="1" type="stmt"/>
      <line num="97" count="1" type="stmt"/>
    </file>
    <file name="user.js" path="C:\Users\jhalu\OneDrive\Desktop\CSC 307\CPE307_TODO\backend\models\user.js">
      <metrics statements="4" coveredstatements="4" conditionals="0" coveredconditionals="0" methods="0" coveredmethods="0"/>
      <line num="1" count="1" type="stmt"/>
      <line num="3" count="1" type="stmt"/>
      <line num="23" count="1" type="stmt"/>
      <line num="25" count="1" type="stmt"/>
    </file>
  </project>
</coverage>
