{"C:\\Users\\jhalu\\OneDrive\\Desktop\\CSC 307\\CPE307_TODO\\backend\\models\\user-services.js": {"path":"C:\\Users\\jhalu\\OneDrive\\Desktop\\CSC 307\\CPE307_TODO\\backend\\models\\user-services.js","statementMap":{"0":{"start":{"line":2,"column":17},"end":{"line":2,"column":36}},"1":{"start":{"line":3,"column":18},"end":{"line":3,"column":35}},"2":{"start":{"line":4,"column":15},"end":{"line":4,"column":32}},"3":{"start":{"line":6,"column":0},"end":{"line":6,"column":16}},"4":{"start":{"line":11,"column":0},"end":{"line":26,"column":40}},"5":{"start":{"line":26,"column":20},"end":{"line":26,"column":38}},"6":{"start":{"line":30,"column":2},"end":{"line":38,"column":3}},"7":{"start":{"line":31,"column":4},"end":{"line":31,"column":36}},"8":{"start":{"line":32,"column":9},"end":{"line":38,"column":3}},"9":{"start":{"line":33,"column":4},"end":{"line":33,"column":40}},"10":{"start":{"line":34,"column":9},"end":{"line":38,"column":3}},"11":{"start":{"line":35,"column":4},"end":{"line":35,"column":43}},"12":{"start":{"line":36,"column":9},"end":{"line":38,"column":3}},"13":{"start":{"line":37,"column":4},"end":{"line":37,"column":61}},"14":{"start":{"line":39,"column":2},"end":{"line":39,"column":16}},"15":{"start":{"line":44,"column":2},"end":{"line":49,"column":3}},"16":{"start":{"line":45,"column":4},"end":{"line":45,"column":23}},"17":{"start":{"line":46,"column":9},"end":{"line":49,"column":3}},"18":{"start":{"line":47,"column":4},"end":{"line":47,"column":40}},"19":{"start":{"line":48,"column":4},"end":{"line":48,"column":23}},"20":{"start":{"line":50,"column":2},"end":{"line":50,"column":16}},"21":{"start":{"line":54,"column":2},"end":{"line":59,"column":3}},"22":{"start":{"line":55,"column":4},"end":{"line":55,"column":59}},"23":{"start":{"line":57,"column":4},"end":{"line":57,"column":42}},"24":{"start":{"line":58,"column":4},"end":{"line":58,"column":21}},"25":{"start":{"line":63,"column":2},"end":{"line":70,"column":3}},"26":{"start":{"line":64,"column":22},"end":{"line":64,"column":41}},"27":{"start":{"line":65,"column":22},"end":{"line":65,"column":44}},"28":{"start":{"line":66,"column":4},"end":{"line":66,"column":21}},"29":{"start":{"line":68,"column":4},"end":{"line":68,"column":23}},"30":{"start":{"line":69,"column":4},"end":{"line":69,"column":17}},"31":{"start":{"line":74,"column":2},"end":{"line":86,"column":3}},"32":{"start":{"line":75,"column":19},"end":{"line":81,"column":14}},"33":{"start":{"line":82,"column":4},"end":{"line":82,"column":18}},"34":{"start":{"line":84,"column":4},"end":{"line":84,"column":28}},"35":{"start":{"line":85,"column":4},"end":{"line":85,"column":17}},"36":{"start":{"line":90,"column":2},"end":{"line":96,"column":3}},"37":{"start":{"line":91,"column":19},"end":{"line":91,"column":38}},"38":{"start":{"line":92,"column":15},"end":{"line":92,"column":25}},"39":{"start":{"line":93,"column":4},"end":{"line":93,"column":49}},"40":{"start":{"line":95,"column":4},"end":{"line":95,"column":17}},"41":{"start":{"line":100,"column":2},"end":{"line":100,"column":46}},"42":{"start":{"line":104,"column":2},"end":{"line":104,"column":54}},"43":{"start":{"line":108,"column":2},"end":{"line":108,"column":69}},"44":{"start":{"line":111,"column":0},"end":{"line":111,"column":28}},"45":{"start":{"line":112,"column":0},"end":{"line":112,"column":32}},"46":{"start":{"line":113,"column":0},"end":{"line":113,"column":26}},"47":{"start":{"line":115,"column":0},"end":{"line":115,"column":70}},"48":{"start":{"line":116,"column":0},"end":{"line":116,"column":36}},"49":{"start":{"line":117,"column":0},"end":{"line":117,"column":26}}},"fnMap":{"0":{"name":"(anonymous_0)","decl":{"start":{"line":26,"column":9},"end":{"line":26,"column":10}},"loc":{"start":{"line":26,"column":20},"end":{"line":26,"column":38}},"line":26},"1":{"name":"getUsers","decl":{"start":{"line":28,"column":15},"end":{"line":28,"column":23}},"loc":{"start":{"line":28,"column":40},"end":{"line":40,"column":1}},"line":28},"2":{"name":"getUser","decl":{"start":{"line":42,"column":15},"end":{"line":42,"column":22}},"loc":{"start":{"line":42,"column":29},"end":{"line":51,"column":1}},"line":42},"3":{"name":"findUserByUsernameAndPassword","decl":{"start":{"line":53,"column":15},"end":{"line":53,"column":44}},"loc":{"start":{"line":53,"column":61},"end":{"line":60,"column":1}},"line":53},"4":{"name":"addUser","decl":{"start":{"line":62,"column":15},"end":{"line":62,"column":22}},"loc":{"start":{"line":62,"column":29},"end":{"line":71,"column":1}},"line":62},"5":{"name":"updateUser","decl":{"start":{"line":73,"column":15},"end":{"line":73,"column":25}},"loc":{"start":{"line":73,"column":32},"end":{"line":87,"column":1}},"line":73},"6":{"name":"deleteByName","decl":{"start":{"line":89,"column":15},"end":{"line":89,"column":27}},"loc":{"start":{"line":89,"column":34},"end":{"line":97,"column":1}},"line":89},"7":{"name":"findUserByName","decl":{"start":{"line":99,"column":15},"end":{"line":99,"column":29}},"loc":{"start":{"line":99,"column":36},"end":{"line":101,"column":1}},"line":99},"8":{"name":"findUserByJob","decl":{"start":{"line":103,"column":15},"end":{"line":103,"column":28}},"loc":{"start":{"line":103,"column":39},"end":{"line":105,"column":1}},"line":103},"9":{"name":"findUserByNameandPassword","decl":{"start":{"line":107,"column":15},"end":{"line":107,"column":40}},"loc":{"start":{"line":107,"column":57},"end":{"line":109,"column":1}},"line":107}},"branchMap":{"0":{"loc":{"start":{"line":30,"column":2},"end":{"line":38,"column":3}},"type":"if","locations":[{"start":{"line":30,"column":2},"end":{"line":38,"column":3}},{"start":{"line":32,"column":9},"end":{"line":38,"column":3}}],"line":30},"1":{"loc":{"start":{"line":30,"column":6},"end":{"line":30,"column":50}},"type":"binary-expr","locations":[{"start":{"line":30,"column":6},"end":{"line":30,"column":24}},{"start":{"line":30,"column":28},"end":{"line":30,"column":50}}],"line":30},"2":{"loc":{"start":{"line":32,"column":9},"end":{"line":38,"column":3}},"type":"if","locations":[{"start":{"line":32,"column":9},"end":{"line":38,"column":3}},{"start":{"line":34,"column":9},"end":{"line":38,"column":3}}],"line":32},"3":{"loc":{"start":{"line":32,"column":13},"end":{"line":32,"column":30}},"type":"binary-expr","locations":[{"start":{"line":32,"column":13},"end":{"line":32,"column":17}},{"start":{"line":32,"column":21},"end":{"line":32,"column":30}}],"line":32},"4":{"loc":{"start":{"line":34,"column":9},"end":{"line":38,"column":3}},"type":"if","locations":[{"start":{"line":34,"column":9},"end":{"line":38,"column":3}},{"start":{"line":36,"column":9},"end":{"line":38,"column":3}}],"line":34},"5":{"loc":{"start":{"line":34,"column":13},"end":{"line":34,"column":30}},"type":"binary-expr","locations":[{"start":{"line":34,"column":13},"end":{"line":34,"column":21}},{"start":{"line":34,"column":25},"end":{"line":34,"column":30}}],"line":34},"6":{"loc":{"start":{"line":36,"column":9},"end":{"line":38,"column":3}},"type":"if","locations":[{"start":{"line":36,"column":9},"end":{"line":38,"column":3}},{"start":{},"end":{}}],"line":36},"7":{"loc":{"start":{"line":36,"column":13},"end":{"line":36,"column":29}},"type":"binary-expr","locations":[{"start":{"line":36,"column":13},"end":{"line":36,"column":21}},{"start":{"line":36,"column":25},"end":{"line":36,"column":29}}],"line":36},"8":{"loc":{"start":{"line":44,"column":2},"end":{"line":49,"column":3}},"type":"if","locations":[{"start":{"line":44,"column":2},"end":{"line":49,"column":3}},{"start":{"line":46,"column":9},"end":{"line":49,"column":3}}],"line":44},"9":{"loc":{"start":{"line":46,"column":9},"end":{"line":49,"column":3}},"type":"if","locations":[{"start":{"line":46,"column":9},"end":{"line":49,"column":3}},{"start":{},"end":{}}],"line":46}},"s":{"0":1,"1":1,"2":1,"3":1,"4":1,"5":0,"6":2,"7":1,"8":1,"9":1,"10":0,"11":0,"12":0,"13":0,"14":2,"15":6,"16":1,"17":5,"18":5,"19":5,"20":6,"21":0,"22":0,"23":0,"24":0,"25":3,"26":3,"27":3,"28":2,"29":1,"30":1,"31":2,"32":2,"33":1,"34":1,"35":1,"36":3,"37":3,"38":3,"39":2,"40":1,"41":6,"42":0,"43":0,"44":1,"45":1,"46":1,"47":1,"48":1,"49":1},"f":{"0":0,"1":2,"2":6,"3":0,"4":3,"5":2,"6":3,"7":6,"8":0,"9":0},"b":{"0":[1,1],"1":[2,1],"2":[1,0],"3":[1,1],"4":[0,0],"5":[0,0],"6":[0,0],"7":[0,0],"8":[1,5],"9":[5,0]},"_coverageSchema":"1a1c01bbd47fc00a2c39e90264f33305004495a9","hash":"9bfcbe0a71db08ed827c6a5780954723df7aa024"}
,"C:\\Users\\jhalu\\OneDrive\\Desktop\\CSC 307\\CPE307_TODO\\backend\\models\\user.js": {"path":"C:\\Users\\jhalu\\OneDrive\\Desktop\\CSC 307\\CPE307_TODO\\backend\\models\\user.js","statementMap":{"0":{"start":{"line":1,"column":17},"end":{"line":1,"column":36}},"1":{"start":{"line":3,"column":19},"end":{"line":21,"column":1}},"2":{"start":{"line":23,"column":13},"end":{"line":23,"column":47}},"3":{"start":{"line":25,"column":0},"end":{"line":25,"column":22}}},"fnMap":{},"branchMap":{},"s":{"0":1,"1":1,"2":1,"3":1},"f":{},"b":{},"_coverageSchema":"1a1c01bbd47fc00a2c39e90264f33305004495a9","hash":"c44e72c26af61dfcf04088139968b29e75413c9c"}
}
