{"C:\\Users\\jhalu\\OneDrive\\Desktop\\CSC 307\\CPE307_TODO\\backend\\models\\user-services.js": {"path":"C:\\Users\\jhalu\\OneDrive\\Desktop\\CSC 307\\CPE307_TODO\\backend\\models\\user-services.js","statementMap":{"0":{"start":{"line":2,"column":17},"end":{"line":2,"column":36}},"1":{"start":{"line":3,"column":18},"end":{"line":3,"column":35}},"2":{"start":{"line":4,"column":15},"end":{"line":4,"column":32}},"3":{"start":{"line":6,"column":0},"end":{"line":6,"column":16}},"4":{"start":{"line":11,"column":0},"end":{"line":26,"column":40}},"5":{"start":{"line":26,"column":20},"end":{"line":26,"column":38}},"6":{"start":{"line":30,"column":2},"end":{"line":34,"column":3}},"7":{"start":{"line":31,"column":4},"end":{"line":31,"column":36}},"8":{"start":{"line":32,"column":9},"end":{"line":34,"column":3}},"9":{"start":{"line":33,"column":4},"end":{"line":33,"column":40}},"10":{"start":{"line":35,"column":2},"end":{"line":35,"column":16}},"11":{"start":{"line":40,"column":2},"end":{"line":45,"column":3}},"12":{"start":{"line":41,"column":4},"end":{"line":41,"column":23}},"13":{"start":{"line":42,"column":9},"end":{"line":45,"column":3}},"14":{"start":{"line":43,"column":4},"end":{"line":43,"column":39}},"15":{"start":{"line":44,"column":4},"end":{"line":44,"column":23}},"16":{"start":{"line":46,"column":2},"end":{"line":46,"column":16}},"17":{"start":{"line":52,"column":2},"end":{"line":59,"column":3}},"18":{"start":{"line":53,"column":22},"end":{"line":53,"column":41}},"19":{"start":{"line":54,"column":22},"end":{"line":54,"column":44}},"20":{"start":{"line":55,"column":4},"end":{"line":55,"column":21}},"21":{"start":{"line":57,"column":4},"end":{"line":57,"column":23}},"22":{"start":{"line":58,"column":4},"end":{"line":58,"column":17}},"23":{"start":{"line":63,"column":2},"end":{"line":67,"column":3}},"24":{"start":{"line":64,"column":4},"end":{"line":64,"column":51}},"25":{"start":{"line":66,"column":4},"end":{"line":66,"column":17}},"26":{"start":{"line":71,"column":2},"end":{"line":71,"column":46}},"27":{"start":{"line":76,"column":0},"end":{"line":76,"column":28}},"28":{"start":{"line":77,"column":0},"end":{"line":77,"column":26}},"29":{"start":{"line":78,"column":0},"end":{"line":78,"column":36}},"30":{"start":{"line":79,"column":0},"end":{"line":79,"column":26}}},"fnMap":{"0":{"name":"(anonymous_0)","decl":{"start":{"line":26,"column":9},"end":{"line":26,"column":10}},"loc":{"start":{"line":26,"column":20},"end":{"line":26,"column":38}},"line":26},"1":{"name":"getUsers","decl":{"start":{"line":28,"column":15},"end":{"line":28,"column":23}},"loc":{"start":{"line":28,"column":40},"end":{"line":36,"column":1}},"line":28},"2":{"name":"getUser","decl":{"start":{"line":38,"column":15},"end":{"line":38,"column":22}},"loc":{"start":{"line":38,"column":28},"end":{"line":47,"column":1}},"line":38},"3":{"name":"addUser","decl":{"start":{"line":51,"column":15},"end":{"line":51,"column":22}},"loc":{"start":{"line":51,"column":29},"end":{"line":60,"column":1}},"line":51},"4":{"name":"deleteByName","decl":{"start":{"line":62,"column":15},"end":{"line":62,"column":27}},"loc":{"start":{"line":62,"column":34},"end":{"line":68,"column":1}},"line":62},"5":{"name":"findUserByName","decl":{"start":{"line":70,"column":15},"end":{"line":70,"column":29}},"loc":{"start":{"line":70,"column":36},"end":{"line":72,"column":1}},"line":70}},"branchMap":{"0":{"loc":{"start":{"line":30,"column":2},"end":{"line":34,"column":3}},"type":"if","locations":[{"start":{"line":30,"column":2},"end":{"line":34,"column":3}},{"start":{"line":32,"column":9},"end":{"line":34,"column":3}}],"line":30},"1":{"loc":{"start":{"line":30,"column":6},"end":{"line":30,"column":50}},"type":"binary-expr","locations":[{"start":{"line":30,"column":6},"end":{"line":30,"column":24}},{"start":{"line":30,"column":28},"end":{"line":30,"column":50}}],"line":30},"2":{"loc":{"start":{"line":32,"column":9},"end":{"line":34,"column":3}},"type":"if","locations":[{"start":{"line":32,"column":9},"end":{"line":34,"column":3}},{"start":{},"end":{}}],"line":32},"3":{"loc":{"start":{"line":32,"column":13},"end":{"line":32,"column":30}},"type":"binary-expr","locations":[{"start":{"line":32,"column":13},"end":{"line":32,"column":17}},{"start":{"line":32,"column":21},"end":{"line":32,"column":30}}],"line":32},"4":{"loc":{"start":{"line":40,"column":2},"end":{"line":45,"column":3}},"type":"if","locations":[{"start":{"line":40,"column":2},"end":{"line":45,"column":3}},{"start":{"line":42,"column":9},"end":{"line":45,"column":3}}],"line":40},"5":{"loc":{"start":{"line":42,"column":9},"end":{"line":45,"column":3}},"type":"if","locations":[{"start":{"line":42,"column":9},"end":{"line":45,"column":3}},{"start":{},"end":{}}],"line":42}},"s":{"0":1,"1":1,"2":1,"3":1,"4":1,"5":0,"6":2,"7":1,"8":1,"9":1,"10":2,"11":2,"12":0,"13":2,"14":2,"15":2,"16":2,"17":2,"18":2,"19":2,"20":1,"21":1,"22":1,"23":1,"24":1,"25":1,"26":3,"27":1,"28":1,"29":1,"30":1},"f":{"0":0,"1":2,"2":2,"3":2,"4":1,"5":3},"b":{"0":[1,1],"1":[2,1],"2":[1,0],"3":[1,1],"4":[0,2],"5":[2,0]},"_coverageSchema":"1a1c01bbd47fc00a2c39e90264f33305004495a9","hash":"34e0e249440b1f42b0bd8a001195bd343b7f1f80"}
,"C:\\Users\\jhalu\\OneDrive\\Desktop\\CSC 307\\CPE307_TODO\\backend\\models\\user.js": {"path":"C:\\Users\\jhalu\\OneDrive\\Desktop\\CSC 307\\CPE307_TODO\\backend\\models\\user.js","statementMap":{"0":{"start":{"line":1,"column":17},"end":{"line":1,"column":36}},"1":{"start":{"line":3,"column":19},"end":{"line":21,"column":1}},"2":{"start":{"line":23,"column":13},"end":{"line":23,"column":47}},"3":{"start":{"line":25,"column":0},"end":{"line":25,"column":22}}},"fnMap":{},"branchMap":{},"s":{"0":1,"1":1,"2":1,"3":1},"f":{},"b":{},"_coverageSchema":"1a1c01bbd47fc00a2c39e90264f33305004495a9","hash":"c44e72c26af61dfcf04088139968b29e75413c9c"}
}
