TN:
SF:models\user-services.js
FN:29,(anonymous_0)
FN:31,getUsers
FN:41,getUser
FN:52,addUser
FN:63,updateUser
FN:78,deleteByName
FN:88,findUserByName
FNF:7
FNH:6
FNDA:0,(anonymous_0)
FNDA:2,getUsers
FNDA:6,getUser
FNDA:3,addUser
FNDA:2,updateUser
FNDA:3,deleteByName
FNDA:6,findUserByName
DA:2,1
DA:3,1
DA:4,1
DA:5,1
DA:6,1
DA:7,1
DA:9,1
DA:14,1
DA:29,0
DA:33,2
DA:34,1
DA:35,1
DA:36,1
DA:38,2
DA:43,6
DA:44,1
DA:45,5
DA:46,5
DA:47,5
DA:49,6
DA:53,3
DA:54,3
DA:55,3
DA:56,2
DA:58,1
DA:59,1
DA:64,2
DA:65,2
DA:72,1
DA:74,1
DA:79,3
DA:80,3
DA:81,3
DA:82,2
DA:84,1
DA:89,6
DA:92,1
DA:93,1
DA:94,1
DA:95,1
DA:96,1
LF:41
LH:40
BRDA:33,0,0,1
BRDA:33,0,1,1
BRDA:33,1,0,2
BRDA:33,1,1,1
BRDA:35,2,0,1
BRDA:35,2,1,0
BRDA:35,3,0,1
BRDA:35,3,1,1
BRDA:43,4,0,1
BRDA:43,4,1,5
BRDA:45,5,0,5
BRDA:45,5,1,0
BRF:12
BRH:10
end_of_record
TN:
SF:models\user.js
FNF:0
FNH:0
DA:1,1
DA:3,1
DA:23,1
DA:25,1
LF:4
LH:4
BRF:0
BRH:0
end_of_record
