TN:
SF:models\user-services.js
FN:26,(anonymous_0)
FN:28,getUsers
FN:38,getUser
FN:49,addUser
FN:60,updateUser
FN:76,deleteByName
FN:86,findUserByName
FNF:7
FNH:6
FNDA:0,(anonymous_0)
FNDA:2,getUsers
FNDA:6,getUser
FNDA:3,addUser
FNDA:2,updateUser
FNDA:3,deleteByName
FNDA:6,findUserByName
DA:2,1
DA:3,1
DA:4,1
DA:6,1
DA:11,1
DA:26,0
DA:30,2
DA:31,1
DA:32,1
DA:33,1
DA:35,2
DA:40,6
DA:41,1
DA:42,5
DA:43,5
DA:44,5
DA:46,6
DA:50,3
DA:51,3
DA:52,3
DA:53,2
DA:55,1
DA:56,1
DA:61,2
DA:62,2
DA:69,1
DA:71,1
DA:72,1
DA:77,3
DA:78,3
DA:79,3
DA:80,2
DA:82,1
DA:87,6
DA:90,1
DA:91,1
DA:92,1
DA:93,1
DA:94,1
LF:39
LH:38
BRDA:30,0,0,1
BRDA:30,0,1,1
BRDA:30,1,0,2
BRDA:30,1,1,1
BRDA:32,2,0,1
BRDA:32,2,1,0
BRDA:32,3,0,1
BRDA:32,3,1,1
BRDA:40,4,0,1
BRDA:40,4,1,5
BRDA:42,5,0,5
BRDA:42,5,1,0
BRF:12
BRH:10
end_of_record
TN:
SF:models\user.js
FNF:0
FNH:0
DA:1,1
DA:3,1
DA:23,1
DA:25,1
LF:4
LH:4
BRF:0
BRH:0
end_of_record
